2026-03-30T00:47:00.467-05:00  INFO 20584 --- [server] [restartedMain] com.example.server.ServerApplication     : Starting ServerApplication using Java 25.0.1 with PID 20584 (C:\Users\proph\IdeaProjects\Comp_Sci_451R\server\target\classes started by proph in C:\Users\proph\IdeaProjects\Comp_Sci_451R)
2026-03-30T00:47:00.469-05:00  INFO 20584 --- [server] [restartedMain] com.example.server.ServerApplication     : No active profile set, falling back to 1 default profile: "default"
2026-03-30T00:47:00.500-05:00  INFO 20584 --- [server] [restartedMain] .e.DevToolsPropertyDefaultsPostProcessor : Devtools property defaults active! Set 'spring.devtools.add-properties' to 'false' to disable
2026-03-30T00:47:00.500-05:00  INFO 20584 --- [server] [restartedMain] .e.DevToolsPropertyDefaultsPostProcessor : For additional web related logging consider setting the 'logging.level.web' property to 'DEBUG'
2026-03-30T00:47:00.927-05:00  INFO 20584 --- [server] [restartedMain] .s.d.r.c.RepositoryConfigurationDelegate : Bootstrapping Spring Data JPA repositories in DEFAULT mode.
2026-03-30T00:47:00.967-05:00  INFO 20584 --- [server] [restartedMain] .s.d.r.c.RepositoryConfigurationDelegate : Finished Spring Data repository scanning in 34 ms. Found 5 JPA repository interfaces.
2026-03-30T00:47:01.355-05:00  INFO 20584 --- [server] [restartedMain] o.s.b.w.embedded.tomcat.TomcatWebServer  : Tomcat initialized with port 8080 (http)
2026-03-30T00:47:01.364-05:00  INFO 20584 --- [server] [restartedMain] o.apache.catalina.core.StandardService   : Starting service [Tomcat]
2026-03-30T00:47:01.364-05:00  INFO 20584 --- [server] [restartedMain] o.apache.catalina.core.StandardEngine    : Starting Servlet engine: [Apache Tomcat/10.1.34]
2026-03-30T00:47:01.395-05:00  INFO 20584 --- [server] [restartedMain] o.a.c.c.C.[Tomcat].[localhost].[/]       : Initializing Spring embedded WebApplicationContext
2026-03-30T00:47:01.395-05:00  INFO 20584 --- [server] [restartedMain] w.s.c.ServletWebServerApplicationContext : Root WebApplicationContext: initialization completed in 894 ms
2026-03-30T00:47:01.501-05:00  INFO 20584 --- [server] [restartedMain] o.hibernate.jpa.internal.util.LogHelper  : HHH000204: Processing PersistenceUnitInfo [name: default]
2026-03-30T00:47:01.547-05:00  INFO 20584 --- [server] [restartedMain] org.hibernate.Version                    : HHH000412: Hibernate ORM core version 6.6.5.Final
2026-03-30T00:47:01.573-05:00  INFO 20584 --- [server] [restartedMain] o.h.c.internal.RegionFactoryInitiator    : HHH000026: Second-level cache disabled
2026-03-30T00:47:01.781-05:00  INFO 20584 --- [server] [restartedMain] o.s.o.j.p.SpringPersistenceUnitInfo      : No LoadTimeWeaver setup: ignoring JPA class transformer
2026-03-30T00:47:01.802-05:00  INFO 20584 --- [server] [restartedMain] com.zaxxer.hikari.HikariDataSource       : HikariPool-1 - Starting...
2026-03-30T00:47:02.399-05:00  INFO 20584 --- [server] [restartedMain] com.zaxxer.hikari.pool.HikariPool        : HikariPool-1 - Added connection com.mysql.cj.jdbc.ConnectionImpl@4047d259
2026-03-30T00:47:02.400-05:00  INFO 20584 --- [server] [restartedMain] com.zaxxer.hikari.HikariDataSource       : HikariPool-1 - Start completed.
2026-03-30T00:47:02.485-05:00  WARN 20584 --- [server] [restartedMain] org.hibernate.orm.deprecation            : HHH90000025: MySQLDialect does not need to be specified explicitly using 'hibernate.dialect' (remove the property setting and it will be selected by default)
2026-03-30T00:47:02.497-05:00  INFO 20584 --- [server] [restartedMain] org.hibernate.orm.connections.pooling    : HHH10001005: Database info:
	Database JDBC URL [Connecting through datasource 'HikariDataSource (HikariPool-1)']
	Database driver: undefined/unknown
	Database version: 8.4.8
	Autocommit mode: undefined/unknown
	Isolation level: undefined/unknown
	Minimum pool size: undefined/unknown
	Maximum pool size: undefined/unknown
2026-03-30T00:47:03.131-05:00  INFO 20584 --- [server] [restartedMain] o.h.e.t.j.p.i.JtaPlatformInitiator       : HHH000489: No JTA platform available (set 'hibernate.transaction.jta.platform' to enable JTA platform integration)
2026-03-30T00:47:03.599-05:00  INFO 20584 --- [server] [restartedMain] j.LocalContainerEntityManagerFactoryBean : Initialized JPA EntityManagerFactory for persistence unit 'default'
2026-03-30T00:47:03.889-05:00  INFO 20584 --- [server] [restartedMain] o.s.d.j.r.query.QueryEnhancerFactory     : Hibernate is in classpath; If applicable, HQL parser will be used.
2026-03-30T00:47:04.158-05:00  WARN 20584 --- [server] [restartedMain] JpaBaseConfiguration$JpaWebConfiguration : spring.jpa.open-in-view is enabled by default. Therefore, database queries may be performed during view rendering. Explicitly configure spring.jpa.open-in-view to disable this warning
2026-03-30T00:47:04.167-05:00  WARN 20584 --- [server] [restartedMain] .s.s.UserDetailsServiceAutoConfiguration : 

Using generated security password: 04f3f48a-3a8a-472d-b437-e6cbfb1e7e73

This generated password is for development use only. Your security configuration must be updated before running your application in production.

2026-03-30T00:47:04.176-05:00  INFO 20584 --- [server] [restartedMain] r$InitializeUserDetailsManagerConfigurer : Global AuthenticationManager configured with UserDetailsService bean with name inMemoryUserDetailsManager
2026-03-30T00:47:04.272-05:00 DEBUG 20584 --- [server] [restartedMain] s.w.s.m.m.a.RequestMappingHandlerMapping : 21 mappings in 'requestMappingHandlerMapping'
2026-03-30T00:47:04.315-05:00 DEBUG 20584 --- [server] [restartedMain] o.s.w.s.handler.SimpleUrlHandlerMapping  : Patterns [/webjars/**, /**] in 'resourceHandlerMapping'
2026-03-30T00:47:04.376-05:00 DEBUG 20584 --- [server] [restartedMain] s.w.s.m.m.a.RequestMappingHandlerAdapter : ControllerAdvice beans: 0 @ModelAttribute, 0 @InitBinder, 1 RequestBodyAdvice, 1 ResponseBodyAdvice
2026-03-30T00:47:04.406-05:00 DEBUG 20584 --- [server] [restartedMain] .m.m.a.ExceptionHandlerExceptionResolver : ControllerAdvice beans: 0 @ExceptionHandler, 1 ResponseBodyAdvice
2026-03-30T00:47:04.488-05:00  INFO 20584 --- [server] [restartedMain] o.s.b.d.a.OptionalLiveReloadServer       : LiveReload server is running on port 35729
2026-03-30T00:47:04.509-05:00  INFO 20584 --- [server] [restartedMain] o.s.b.w.embedded.tomcat.TomcatWebServer  : Tomcat started on port 8080 (http) with context path '/'
2026-03-30T00:47:04.515-05:00  INFO 20584 --- [server] [restartedMain] com.example.server.ServerApplication     : Started ServerApplication in 4.345 seconds (process running for 4.911)
2026-03-30T00:47:21.188-05:00  INFO 20584 --- [server] [http-nio-8080-exec-2] o.a.c.c.C.[Tomcat].[localhost].[/]       : Initializing Spring DispatcherServlet 'dispatcherServlet'
2026-03-30T00:47:21.188-05:00  INFO 20584 --- [server] [http-nio-8080-exec-2] o.s.web.servlet.DispatcherServlet        : Initializing Servlet 'dispatcherServlet'
2026-03-30T00:47:21.188-05:00 DEBUG 20584 --- [server] [http-nio-8080-exec-2] o.s.web.servlet.DispatcherServlet        : Detected StandardServletMultipartResolver
2026-03-30T00:47:21.188-05:00 DEBUG 20584 --- [server] [http-nio-8080-exec-2] o.s.web.servlet.DispatcherServlet        : Detected AcceptHeaderLocaleResolver
2026-03-30T00:47:21.188-05:00 DEBUG 20584 --- [server] [http-nio-8080-exec-2] o.s.web.servlet.DispatcherServlet        : Detected FixedThemeResolver
2026-03-30T00:47:21.189-05:00 DEBUG 20584 --- [server] [http-nio-8080-exec-2] o.s.web.servlet.DispatcherServlet        : Detected org.springframework.web.servlet.view.DefaultRequestToViewNameTranslator@264fde83
2026-03-30T00:47:21.189-05:00 DEBUG 20584 --- [server] [http-nio-8080-exec-2] o.s.web.servlet.DispatcherServlet        : Detected org.springframework.web.servlet.support.SessionFlashMapManager@28184870
2026-03-30T00:47:21.189-05:00 DEBUG 20584 --- [server] [http-nio-8080-exec-2] o.s.web.servlet.DispatcherServlet        : enableLoggingRequestDetails='false': request parameters and headers will be masked to prevent unsafe logging of potentially sensitive data
2026-03-30T00:47:21.189-05:00  INFO 20584 --- [server] [http-nio-8080-exec-2] o.s.web.servlet.DispatcherServlet        : Completed initialization in 1 ms
2026-03-30T00:47:21.220-05:00 DEBUG 20584 --- [server] [http-nio-8080-exec-2] o.s.web.servlet.DispatcherServlet        : POST "/api/auth/login", parameters={}
2026-03-30T00:47:21.221-05:00 DEBUG 20584 --- [server] [http-nio-8080-exec-2] s.w.s.m.m.a.RequestMappingHandlerMapping : Mapped to com.example.server.controller.AuthController#login(LoginRequest, HttpSession)
2026-03-30T00:47:21.262-05:00 DEBUG 20584 --- [server] [http-nio-8080-exec-2] m.m.a.RequestResponseBodyMethodProcessor : Read "application/json;charset=UTF-8" to [com.example.server.dto.LoginRequest@70584dee]
2026-03-30T00:47:21.455-05:00 DEBUG 20584 --- [server] [http-nio-8080-exec-2] o.s.w.s.m.m.a.HttpEntityMethodProcessor  : Using 'application/json', given [*/*] and supported [application/json, application/*+json]
2026-03-30T00:47:21.455-05:00 DEBUG 20584 --- [server] [http-nio-8080-exec-2] o.s.w.s.m.m.a.HttpEntityMethodProcessor  : Writing [com.example.server.dto.AuthResponse@3daff4af]
2026-03-30T00:47:21.461-05:00 DEBUG 20584 --- [server] [http-nio-8080-exec-2] o.s.web.servlet.DispatcherServlet        : Completed 401 UNAUTHORIZED
2026-03-30T00:47:26.863-05:00 DEBUG 20584 --- [server] [http-nio-8080-exec-1] o.s.web.servlet.DispatcherServlet        : POST "/api/auth/login", parameters={}
2026-03-30T00:47:26.864-05:00 DEBUG 20584 --- [server] [http-nio-8080-exec-1] s.w.s.m.m.a.RequestMappingHandlerMapping : Mapped to com.example.server.controller.AuthController#login(LoginRequest, HttpSession)
2026-03-30T00:47:26.864-05:00 DEBUG 20584 --- [server] [http-nio-8080-exec-1] m.m.a.RequestResponseBodyMethodProcessor : Read "application/json;charset=UTF-8" to [com.example.server.dto.LoginRequest@27face6]
2026-03-30T00:47:26.976-05:00 DEBUG 20584 --- [server] [http-nio-8080-exec-1] o.s.w.s.m.m.a.HttpEntityMethodProcessor  : Using 'application/json', given [*/*] and supported [application/json, application/*+json]
2026-03-30T00:47:26.976-05:00 DEBUG 20584 --- [server] [http-nio-8080-exec-1] o.s.w.s.m.m.a.HttpEntityMethodProcessor  : Writing [com.example.server.dto.AuthResponse@29e4fea6]
2026-03-30T00:47:26.977-05:00 DEBUG 20584 --- [server] [http-nio-8080-exec-1] o.s.web.servlet.DispatcherServlet        : Completed 200 OK
2026-03-30T00:47:27.000-05:00 DEBUG 20584 --- [server] [http-nio-8080-exec-4] o.s.web.servlet.DispatcherServlet        : GET "/api/profile", parameters={}
2026-03-30T00:47:27.001-05:00 DEBUG 20584 --- [server] [http-nio-8080-exec-4] s.w.s.m.m.a.RequestMappingHandlerMapping : Mapped to com.example.server.controller.ProfileController#getProfile(HttpSession)
2026-03-30T00:47:27.001-05:00 DEBUG 20584 --- [server] [http-nio-8080-exec-6] o.s.web.servlet.DispatcherServlet        : GET "/api/dashboard", parameters={}
2026-03-30T00:47:27.001-05:00 DEBUG 20584 --- [server] [http-nio-8080-exec-6] s.w.s.m.m.a.RequestMappingHandlerMapping : Mapped to com.example.server.controller.DashboardController#getDashboard(HttpSession)
2026-03-30T00:47:27.036-05:00 DEBUG 20584 --- [server] [http-nio-8080-exec-4] o.s.w.s.m.m.a.HttpEntityMethodProcessor  : Using 'application/json', given [*/*] and supported [application/json, application/*+json]
2026-03-30T00:47:27.036-05:00 DEBUG 20584 --- [server] [http-nio-8080-exec-4] o.s.w.s.m.m.a.HttpEntityMethodProcessor  : Writing [{joinDate=Member, email=kevindoeszhang2001@gmail.com, name=testuser44, status=Active, username=testu (truncated)...]
2026-03-30T00:47:27.039-05:00 DEBUG 20584 --- [server] [http-nio-8080-exec-4] o.s.web.servlet.DispatcherServlet        : Completed 200 OK
2026-03-30T00:47:27.050-05:00 DEBUG 20584 --- [server] [http-nio-8080-exec-5] o.s.web.servlet.DispatcherServlet        : GET "/api/profile", parameters={}
2026-03-30T00:47:27.050-05:00 DEBUG 20584 --- [server] [http-nio-8080-exec-5] s.w.s.m.m.a.RequestMappingHandlerMapping : Mapped to com.example.server.controller.ProfileController#getProfile(HttpSession)
2026-03-30T00:47:27.080-05:00 DEBUG 20584 --- [server] [http-nio-8080-exec-5] o.s.w.s.m.m.a.HttpEntityMethodProcessor  : Using 'application/json', given [*/*] and supported [application/json, application/*+json]
2026-03-30T00:47:27.080-05:00 DEBUG 20584 --- [server] [http-nio-8080-exec-5] o.s.w.s.m.m.a.HttpEntityMethodProcessor  : Writing [{joinDate=Member, email=kevindoeszhang2001@gmail.com, name=testuser44, status=Active, username=testu (truncated)...]
2026-03-30T00:47:27.081-05:00 DEBUG 20584 --- [server] [http-nio-8080-exec-5] o.s.web.servlet.DispatcherServlet        : Completed 200 OK
2026-03-30T00:47:27.128-05:00 DEBUG 20584 --- [server] [http-nio-8080-exec-6] o.s.w.s.m.m.a.HttpEntityMethodProcessor  : Using 'application/json', given [*/*] and supported [application/json, application/*+json]
2026-03-30T00:47:27.128-05:00 DEBUG 20584 --- [server] [http-nio-8080-exec-6] o.s.w.s.m.m.a.HttpEntityMethodProcessor  : Writing [{totalBalance=2278.0, monthlyIncome=3000.0, monthlyExpenses=722.0, recentTransactions=[{date=2026-03 (truncated)...]
2026-03-30T00:47:27.135-05:00 DEBUG 20584 --- [server] [http-nio-8080-exec-6] o.s.web.servlet.DispatcherServlet        : Completed 200 OK
2026-03-30T00:47:27.140-05:00 DEBUG 20584 --- [server] [http-nio-8080-exec-3] o.s.web.servlet.DispatcherServlet        : GET "/api/dashboard", parameters={}
2026-03-30T00:47:27.140-05:00 DEBUG 20584 --- [server] [http-nio-8080-exec-3] s.w.s.m.m.a.RequestMappingHandlerMapping : Mapped to com.example.server.controller.DashboardController#getDashboard(HttpSession)
2026-03-30T00:47:27.225-05:00 DEBUG 20584 --- [server] [http-nio-8080-exec-3] o.s.w.s.m.m.a.HttpEntityMethodProcessor  : Using 'application/json', given [*/*] and supported [application/json, application/*+json]
2026-03-30T00:47:27.225-05:00 DEBUG 20584 --- [server] [http-nio-8080-exec-3] o.s.w.s.m.m.a.HttpEntityMethodProcessor  : Writing [{totalBalance=2278.0, monthlyIncome=3000.0, monthlyExpenses=722.0, recentTransactions=[{date=2026-03 (truncated)...]
2026-03-30T00:47:27.226-05:00 DEBUG 20584 --- [server] [http-nio-8080-exec-3] o.s.web.servlet.DispatcherServlet        : Completed 200 OK
2026-03-30T01:07:34.614-05:00  INFO 20584 --- [server] [SpringApplicationShutdownHook] o.s.b.w.e.tomcat.GracefulShutdown        : Commencing graceful shutdown. Waiting for active requests to complete
2026-03-30T01:07:34.617-05:00  INFO 20584 --- [server] [tomcat-shutdown] o.s.b.w.e.tomcat.GracefulShutdown        : Graceful shutdown complete
2026-03-30T01:07:34.620-05:00  INFO 20584 --- [server] [SpringApplicationShutdownHook] j.LocalContainerEntityManagerFactoryBean : Closing JPA EntityManagerFactory for persistence unit 'default'
2026-03-30T01:07:34.622-05:00  INFO 20584 --- [server] [SpringApplicationShutdownHook] com.zaxxer.hikari.HikariDataSource       : HikariPool-1 - Shutdown initiated...
2026-03-30T01:07:34.625-05:00  INFO 20584 --- [server] [SpringApplicationShutdownHook] com.zaxxer.hikari.HikariDataSource       : HikariPool-1 - Shutdown completed.
2026-03-30T01:11:13.621-05:00  INFO 20256 --- [server] [restartedMain] com.example.server.ServerApplication     : Starting ServerApplication using Java 25.0.1 with PID 20256 (C:\Users\proph\IdeaProjects\Comp_Sci_451R\server\target\classes started by proph in C:\Users\proph\IdeaProjects\Comp_Sci_451R)
2026-03-30T01:11:13.622-05:00  INFO 20256 --- [server] [restartedMain] com.example.server.ServerApplication     : No active profile set, falling back to 1 default profile: "default"
2026-03-30T01:11:13.648-05:00  INFO 20256 --- [server] [restartedMain] .e.DevToolsPropertyDefaultsPostProcessor : Devtools property defaults active! Set 'spring.devtools.add-properties' to 'false' to disable
2026-03-30T01:11:13.649-05:00  INFO 20256 --- [server] [restartedMain] .e.DevToolsPropertyDefaultsPostProcessor : For additional web related logging consider setting the 'logging.level.web' property to 'DEBUG'
2026-03-30T01:11:13.998-05:00  INFO 20256 --- [server] [restartedMain] .s.d.r.c.RepositoryConfigurationDelegate : Bootstrapping Spring Data JPA repositories in DEFAULT mode.
2026-03-30T01:11:14.035-05:00  INFO 20256 --- [server] [restartedMain] .s.d.r.c.RepositoryConfigurationDelegate : Finished Spring Data repository scanning in 31 ms. Found 5 JPA repository interfaces.
2026-03-30T01:11:14.323-05:00  INFO 20256 --- [server] [restartedMain] o.s.b.w.embedded.tomcat.TomcatWebServer  : Tomcat initialized with port 8080 (http)
2026-03-30T01:11:14.330-05:00  INFO 20256 --- [server] [restartedMain] o.apache.catalina.core.StandardService   : Starting service [Tomcat]
2026-03-30T01:11:14.330-05:00  INFO 20256 --- [server] [restartedMain] o.apache.catalina.core.StandardEngine    : Starting Servlet engine: [Apache Tomcat/10.1.34]
2026-03-30T01:11:14.354-05:00  INFO 20256 --- [server] [restartedMain] o.a.c.c.C.[Tomcat].[localhost].[/]       : Initializing Spring embedded WebApplicationContext
2026-03-30T01:11:14.355-05:00  INFO 20256 --- [server] [restartedMain] w.s.c.ServletWebServerApplicationContext : Root WebApplicationContext: initialization completed in 705 ms
2026-03-30T01:11:14.430-05:00  INFO 20256 --- [server] [restartedMain] o.hibernate.jpa.internal.util.LogHelper  : HHH000204: Processing PersistenceUnitInfo [name: default]
2026-03-30T01:11:14.460-05:00  INFO 20256 --- [server] [restartedMain] org.hibernate.Version                    : HHH000412: Hibernate ORM core version 6.6.5.Final
2026-03-30T01:11:14.479-05:00  INFO 20256 --- [server] [restartedMain] o.h.c.internal.RegionFactoryInitiator    : HHH000026: Second-level cache disabled
2026-03-30T01:11:14.636-05:00  INFO 20256 --- [server] [restartedMain] o.s.o.j.p.SpringPersistenceUnitInfo      : No LoadTimeWeaver setup: ignoring JPA class transformer
2026-03-30T01:11:14.653-05:00  INFO 20256 --- [server] [restartedMain] com.zaxxer.hikari.HikariDataSource       : HikariPool-1 - Starting...
2026-03-30T01:11:15.157-05:00  INFO 20256 --- [server] [restartedMain] com.zaxxer.hikari.pool.HikariPool        : HikariPool-1 - Added connection com.mysql.cj.jdbc.ConnectionImpl@6e21322c
2026-03-30T01:11:15.158-05:00  INFO 20256 --- [server] [restartedMain] com.zaxxer.hikari.HikariDataSource       : HikariPool-1 - Start completed.
2026-03-30T01:11:15.235-05:00  WARN 20256 --- [server] [restartedMain] org.hibernate.orm.deprecation            : HHH90000025: MySQLDialect does not need to be specified explicitly using 'hibernate.dialect' (remove the property setting and it will be selected by default)
2026-03-30T01:11:15.245-05:00  INFO 20256 --- [server] [restartedMain] org.hibernate.orm.connections.pooling    : HHH10001005: Database info:
	Database JDBC URL [Connecting through datasource 'HikariDataSource (HikariPool-1)']
	Database driver: undefined/unknown
	Database version: 8.4.8
	Autocommit mode: undefined/unknown
	Isolation level: undefined/unknown
	Minimum pool size: undefined/unknown
	Maximum pool size: undefined/unknown
2026-03-30T01:11:15.685-05:00  INFO 20256 --- [server] [restartedMain] o.h.e.t.j.p.i.JtaPlatformInitiator       : HHH000489: No JTA platform available (set 'hibernate.transaction.jta.platform' to enable JTA platform integration)
2026-03-30T01:11:16.084-05:00  INFO 20256 --- [server] [restartedMain] j.LocalContainerEntityManagerFactoryBean : Initialized JPA EntityManagerFactory for persistence unit 'default'
2026-03-30T01:11:16.261-05:00  INFO 20256 --- [server] [restartedMain] o.s.d.j.r.query.QueryEnhancerFactory     : Hibernate is in classpath; If applicable, HQL parser will be used.
2026-03-30T01:11:16.474-05:00  WARN 20256 --- [server] [restartedMain] JpaBaseConfiguration$JpaWebConfiguration : spring.jpa.open-in-view is enabled by default. Therefore, database queries may be performed during view rendering. Explicitly configure spring.jpa.open-in-view to disable this warning
2026-03-30T01:11:16.483-05:00  WARN 20256 --- [server] [restartedMain] .s.s.UserDetailsServiceAutoConfiguration : 

Using generated security password: 4f0ecfdd-8e5d-4aee-9b65-84294bd0e8b3

This generated password is for development use only. Your security configuration must be updated before running your application in production.

2026-03-30T01:11:16.490-05:00  INFO 20256 --- [server] [restartedMain] r$InitializeUserDetailsManagerConfigurer : Global AuthenticationManager configured with UserDetailsService bean with name inMemoryUserDetailsManager
2026-03-30T01:11:16.557-05:00 DEBUG 20256 --- [server] [restartedMain] s.w.s.m.m.a.RequestMappingHandlerMapping : 21 mappings in 'requestMappingHandlerMapping'
2026-03-30T01:11:16.597-05:00 DEBUG 20256 --- [server] [restartedMain] o.s.w.s.handler.SimpleUrlHandlerMapping  : Patterns [/webjars/**, /**] in 'resourceHandlerMapping'
2026-03-30T01:11:16.660-05:00 DEBUG 20256 --- [server] [restartedMain] s.w.s.m.m.a.RequestMappingHandlerAdapter : ControllerAdvice beans: 0 @ModelAttribute, 0 @InitBinder, 1 RequestBodyAdvice, 1 ResponseBodyAdvice
2026-03-30T01:11:16.694-05:00 DEBUG 20256 --- [server] [restartedMain] .m.m.a.ExceptionHandlerExceptionResolver : ControllerAdvice beans: 0 @ExceptionHandler, 1 ResponseBodyAdvice
2026-03-30T01:11:16.792-05:00  INFO 20256 --- [server] [restartedMain] o.s.b.d.a.OptionalLiveReloadServer       : LiveReload server is running on port 35729
2026-03-30T01:11:16.824-05:00  INFO 20256 --- [server] [restartedMain] o.s.b.w.embedded.tomcat.TomcatWebServer  : Tomcat started on port 8080 (http) with context path '/'
2026-03-30T01:11:16.834-05:00  INFO 20256 --- [server] [restartedMain] com.example.server.ServerApplication     : Started ServerApplication in 3.452 seconds (process running for 3.825)
2026-03-30T01:11:50.675-05:00  INFO 20256 --- [server] [http-nio-8080-exec-1] o.a.c.c.C.[Tomcat].[localhost].[/]       : Initializing Spring DispatcherServlet 'dispatcherServlet'
2026-03-30T01:11:50.676-05:00  INFO 20256 --- [server] [http-nio-8080-exec-1] o.s.web.servlet.DispatcherServlet        : Initializing Servlet 'dispatcherServlet'
2026-03-30T01:11:50.676-05:00 DEBUG 20256 --- [server] [http-nio-8080-exec-1] o.s.web.servlet.DispatcherServlet        : Detected StandardServletMultipartResolver
2026-03-30T01:11:50.676-05:00 DEBUG 20256 --- [server] [http-nio-8080-exec-1] o.s.web.servlet.DispatcherServlet        : Detected AcceptHeaderLocaleResolver
2026-03-30T01:11:50.676-05:00 DEBUG 20256 --- [server] [http-nio-8080-exec-1] o.s.web.servlet.DispatcherServlet        : Detected FixedThemeResolver
2026-03-30T01:11:50.678-05:00 DEBUG 20256 --- [server] [http-nio-8080-exec-1] o.s.web.servlet.DispatcherServlet        : Detected org.springframework.web.servlet.view.DefaultRequestToViewNameTranslator@5da92d70
2026-03-30T01:11:50.678-05:00 DEBUG 20256 --- [server] [http-nio-8080-exec-1] o.s.web.servlet.DispatcherServlet        : Detected org.springframework.web.servlet.support.SessionFlashMapManager@4993ccd1
2026-03-30T01:11:50.678-05:00 DEBUG 20256 --- [server] [http-nio-8080-exec-1] o.s.web.servlet.DispatcherServlet        : enableLoggingRequestDetails='false': request parameters and headers will be masked to prevent unsafe logging of potentially sensitive data
2026-03-30T01:11:50.678-05:00  INFO 20256 --- [server] [http-nio-8080-exec-1] o.s.web.servlet.DispatcherServlet        : Completed initialization in 2 ms
2026-03-30T01:11:50.701-05:00 DEBUG 20256 --- [server] [http-nio-8080-exec-1] o.s.web.servlet.DispatcherServlet        : POST "/api/auth/register", parameters={}
2026-03-30T01:11:50.702-05:00 DEBUG 20256 --- [server] [http-nio-8080-exec-1] s.w.s.m.m.a.RequestMappingHandlerMapping : Mapped to com.example.server.controller.AuthController#register(RegisterRequest)
2026-03-30T01:11:50.736-05:00 DEBUG 20256 --- [server] [http-nio-8080-exec-1] m.m.a.RequestResponseBodyMethodProcessor : Read "application/json;charset=UTF-8" to [com.example.server.dto.RegisterRequest@4b924648]
2026-03-30T01:11:52.740-05:00 DEBUG 20256 --- [server] [http-nio-8080-exec-1] o.s.w.s.m.m.a.HttpEntityMethodProcessor  : Using 'application/json', given [*/*] and supported [application/json, application/*+json]
2026-03-30T01:11:52.741-05:00 DEBUG 20256 --- [server] [http-nio-8080-exec-1] o.s.w.s.m.m.a.HttpEntityMethodProcessor  : Writing [com.example.server.dto.AuthResponse@57a3f11e]
2026-03-30T01:11:52.746-05:00 DEBUG 20256 --- [server] [http-nio-8080-exec-1] o.s.web.servlet.DispatcherServlet        : Completed 200 OK
2026-03-30T01:13:08.902-05:00  INFO 20256 --- [server] [SpringApplicationShutdownHook] o.s.b.w.e.tomcat.GracefulShutdown        : Commencing graceful shutdown. Waiting for active requests to complete
2026-03-30T01:13:08.903-05:00  INFO 20256 --- [server] [tomcat-shutdown] o.s.b.w.e.tomcat.GracefulShutdown        : Graceful shutdown complete
2026-03-30T01:13:08.906-05:00  INFO 20256 --- [server] [SpringApplicationShutdownHook] j.LocalContainerEntityManagerFactoryBean : Closing JPA EntityManagerFactory for persistence unit 'default'
2026-03-30T01:13:08.908-05:00  INFO 20256 --- [server] [SpringApplicationShutdownHook] com.zaxxer.hikari.HikariDataSource       : HikariPool-1 - Shutdown initiated...
2026-03-30T01:13:08.910-05:00  INFO 20256 --- [server] [SpringApplicationShutdownHook] com.zaxxer.hikari.HikariDataSource       : HikariPool-1 - Shutdown completed.
2026-03-30T01:13:58.598-05:00  INFO 56284 --- [server] [restartedMain] com.example.server.ServerApplication     : Starting ServerApplication using Java 25.0.1 with PID 56284 (C:\Users\proph\IdeaProjects\Comp_Sci_451R\server\target\classes started by proph in C:\Users\proph\IdeaProjects\Comp_Sci_451R)
2026-03-30T01:13:58.599-05:00  INFO 56284 --- [server] [restartedMain] com.example.server.ServerApplication     : No active profile set, falling back to 1 default profile: "default"
2026-03-30T01:13:58.626-05:00  INFO 56284 --- [server] [restartedMain] .e.DevToolsPropertyDefaultsPostProcessor : Devtools property defaults active! Set 'spring.devtools.add-properties' to 'false' to disable
2026-03-30T01:13:58.627-05:00  INFO 56284 --- [server] [restartedMain] .e.DevToolsPropertyDefaultsPostProcessor : For additional web related logging consider setting the 'logging.level.web' property to 'DEBUG'
2026-03-30T01:13:59.001-05:00  INFO 56284 --- [server] [restartedMain] .s.d.r.c.RepositoryConfigurationDelegate : Bootstrapping Spring Data JPA repositories in DEFAULT mode.
2026-03-30T01:13:59.036-05:00  INFO 56284 --- [server] [restartedMain] .s.d.r.c.RepositoryConfigurationDelegate : Finished Spring Data repository scanning in 28 ms. Found 5 JPA repository interfaces.
2026-03-30T01:13:59.323-05:00  INFO 56284 --- [server] [restartedMain] o.s.b.w.embedded.tomcat.TomcatWebServer  : Tomcat initialized with port 8080 (http)
2026-03-30T01:13:59.331-05:00  INFO 56284 --- [server] [restartedMain] o.apache.catalina.core.StandardService   : Starting service [Tomcat]
2026-03-30T01:13:59.332-05:00  INFO 56284 --- [server] [restartedMain] o.apache.catalina.core.StandardEngine    : Starting Servlet engine: [Apache Tomcat/10.1.34]
2026-03-30T01:13:59.355-05:00  INFO 56284 --- [server] [restartedMain] o.a.c.c.C.[Tomcat].[localhost].[/]       : Initializing Spring embedded WebApplicationContext
2026-03-30T01:13:59.355-05:00  INFO 56284 --- [server] [restartedMain] w.s.c.ServletWebServerApplicationContext : Root WebApplicationContext: initialization completed in 728 ms
2026-03-30T01:13:59.437-05:00  INFO 56284 --- [server] [restartedMain] o.hibernate.jpa.internal.util.LogHelper  : HHH000204: Processing PersistenceUnitInfo [name: default]
2026-03-30T01:13:59.461-05:00  INFO 56284 --- [server] [restartedMain] org.hibernate.Version                    : HHH000412: Hibernate ORM core version 6.6.5.Final
2026-03-30T01:13:59.479-05:00  INFO 56284 --- [server] [restartedMain] o.h.c.internal.RegionFactoryInitiator    : HHH000026: Second-level cache disabled
2026-03-30T01:13:59.629-05:00  INFO 56284 --- [server] [restartedMain] o.s.o.j.p.SpringPersistenceUnitInfo      : No LoadTimeWeaver setup: ignoring JPA class transformer
2026-03-30T01:13:59.645-05:00  INFO 56284 --- [server] [restartedMain] com.zaxxer.hikari.HikariDataSource       : HikariPool-1 - Starting...
2026-03-30T01:14:00.137-05:00  INFO 56284 --- [server] [restartedMain] com.zaxxer.hikari.pool.HikariPool        : HikariPool-1 - Added connection com.mysql.cj.jdbc.ConnectionImpl@3e3502a2
2026-03-30T01:14:00.138-05:00  INFO 56284 --- [server] [restartedMain] com.zaxxer.hikari.HikariDataSource       : HikariPool-1 - Start completed.
2026-03-30T01:14:00.216-05:00  WARN 56284 --- [server] [restartedMain] org.hibernate.orm.deprecation            : HHH90000025: MySQLDialect does not need to be specified explicitly using 'hibernate.dialect' (remove the property setting and it will be selected by default)
2026-03-30T01:14:00.224-05:00  INFO 56284 --- [server] [restartedMain] org.hibernate.orm.connections.pooling    : HHH10001005: Database info:
	Database JDBC URL [Connecting through datasource 'HikariDataSource (HikariPool-1)']
	Database driver: undefined/unknown
	Database version: 8.4.8
	Autocommit mode: undefined/unknown
	Isolation level: undefined/unknown
	Minimum pool size: undefined/unknown
	Maximum pool size: undefined/unknown
2026-03-30T01:14:00.661-05:00  INFO 56284 --- [server] [restartedMain] o.h.e.t.j.p.i.JtaPlatformInitiator       : HHH000489: No JTA platform available (set 'hibernate.transaction.jta.platform' to enable JTA platform integration)
2026-03-30T01:14:01.058-05:00  INFO 56284 --- [server] [restartedMain] j.LocalContainerEntityManagerFactoryBean : Initialized JPA EntityManagerFactory for persistence unit 'default'
2026-03-30T01:14:01.226-05:00  INFO 56284 --- [server] [restartedMain] o.s.d.j.r.query.QueryEnhancerFactory     : Hibernate is in classpath; If applicable, HQL parser will be used.
2026-03-30T01:14:01.439-05:00  WARN 56284 --- [server] [restartedMain] JpaBaseConfiguration$JpaWebConfiguration : spring.jpa.open-in-view is enabled by default. Therefore, database queries may be performed during view rendering. Explicitly configure spring.jpa.open-in-view to disable this warning
2026-03-30T01:14:01.447-05:00  WARN 56284 --- [server] [restartedMain] .s.s.UserDetailsServiceAutoConfiguration : 

Using generated security password: 7b727f12-b9f9-471d-88cb-af5af39a9889

This generated password is for development use only. Your security configuration must be updated before running your application in production.

2026-03-30T01:14:01.454-05:00  INFO 56284 --- [server] [restartedMain] r$InitializeUserDetailsManagerConfigurer : Global AuthenticationManager configured with UserDetailsService bean with name inMemoryUserDetailsManager
2026-03-30T01:14:01.522-05:00 DEBUG 56284 --- [server] [restartedMain] s.w.s.m.m.a.RequestMappingHandlerMapping : 21 mappings in 'requestMappingHandlerMapping'
2026-03-30T01:14:01.562-05:00 DEBUG 56284 --- [server] [restartedMain] o.s.w.s.handler.SimpleUrlHandlerMapping  : Patterns [/webjars/**, /**] in 'resourceHandlerMapping'
2026-03-30T01:14:01.612-05:00 DEBUG 56284 --- [server] [restartedMain] s.w.s.m.m.a.RequestMappingHandlerAdapter : ControllerAdvice beans: 0 @ModelAttribute, 0 @InitBinder, 1 RequestBodyAdvice, 1 ResponseBodyAdvice
2026-03-30T01:14:01.634-05:00 DEBUG 56284 --- [server] [restartedMain] .m.m.a.ExceptionHandlerExceptionResolver : ControllerAdvice beans: 0 @ExceptionHandler, 1 ResponseBodyAdvice
2026-03-30T01:14:01.706-05:00  INFO 56284 --- [server] [restartedMain] o.s.b.d.a.OptionalLiveReloadServer       : LiveReload server is running on port 35729
2026-03-30T01:14:01.729-05:00  INFO 56284 --- [server] [restartedMain] o.s.b.w.embedded.tomcat.TomcatWebServer  : Tomcat started on port 8080 (http) with context path '/'
2026-03-30T01:14:01.734-05:00  INFO 56284 --- [server] [restartedMain] com.example.server.ServerApplication     : Started ServerApplication in 3.372 seconds (process running for 3.728)
2026-03-30T01:14:01.735-05:00  INFO 56284 --- [server] [SpringApplicationShutdownHook] o.s.b.w.e.tomcat.GracefulShutdown        : Commencing graceful shutdown. Waiting for active requests to complete
2026-03-30T01:14:01.737-05:00  INFO 56284 --- [server] [tomcat-shutdown] o.s.b.w.e.tomcat.GracefulShutdown        : Graceful shutdown complete
2026-03-30T01:14:01.739-05:00  INFO 56284 --- [server] [SpringApplicationShutdownHook] j.LocalContainerEntityManagerFactoryBean : Closing JPA EntityManagerFactory for persistence unit 'default'
2026-03-30T01:14:01.742-05:00  INFO 56284 --- [server] [SpringApplicationShutdownHook] com.zaxxer.hikari.HikariDataSource       : HikariPool-1 - Shutdown initiated...
2026-03-30T01:14:01.870-05:00  INFO 56284 --- [server] [SpringApplicationShutdownHook] com.zaxxer.hikari.HikariDataSource       : HikariPool-1 - Shutdown completed.
2026-03-30T01:14:15.296-05:00  INFO 48468 --- [server] [restartedMain] com.example.server.ServerApplication     : Starting ServerApplication using Java 25.0.1 with PID 48468 (C:\Users\proph\IdeaProjects\Comp_Sci_451R\server\target\classes started by proph in C:\Users\proph\IdeaProjects\Comp_Sci_451R)
2026-03-30T01:14:15.298-05:00  INFO 48468 --- [server] [restartedMain] com.example.server.ServerApplication     : No active profile set, falling back to 1 default profile: "default"
2026-03-30T01:14:15.328-05:00  INFO 48468 --- [server] [restartedMain] .e.DevToolsPropertyDefaultsPostProcessor : Devtools property defaults active! Set 'spring.devtools.add-properties' to 'false' to disable
2026-03-30T01:14:15.328-05:00  INFO 48468 --- [server] [restartedMain] .e.DevToolsPropertyDefaultsPostProcessor : For additional web related logging consider setting the 'logging.level.web' property to 'DEBUG'
2026-03-30T01:14:15.652-05:00  INFO 48468 --- [server] [restartedMain] .s.d.r.c.RepositoryConfigurationDelegate : Bootstrapping Spring Data JPA repositories in DEFAULT mode.
2026-03-30T01:14:15.688-05:00  INFO 48468 --- [server] [restartedMain] .s.d.r.c.RepositoryConfigurationDelegate : Finished Spring Data repository scanning in 30 ms. Found 5 JPA repository interfaces.
2026-03-30T01:14:15.981-05:00  INFO 48468 --- [server] [restartedMain] o.s.b.w.embedded.tomcat.TomcatWebServer  : Tomcat initialized with port 8080 (http)
2026-03-30T01:14:15.988-05:00  INFO 48468 --- [server] [restartedMain] o.apache.catalina.core.StandardService   : Starting service [Tomcat]
2026-03-30T01:14:15.988-05:00  INFO 48468 --- [server] [restartedMain] o.apache.catalina.core.StandardEngine    : Starting Servlet engine: [Apache Tomcat/10.1.34]
2026-03-30T01:14:16.016-05:00  INFO 48468 --- [server] [restartedMain] o.a.c.c.C.[Tomcat].[localhost].[/]       : Initializing Spring embedded WebApplicationContext
2026-03-30T01:14:16.016-05:00  INFO 48468 --- [server] [restartedMain] w.s.c.ServletWebServerApplicationContext : Root WebApplicationContext: initialization completed in 687 ms
2026-03-30T01:14:16.093-05:00  INFO 48468 --- [server] [restartedMain] o.hibernate.jpa.internal.util.LogHelper  : HHH000204: Processing PersistenceUnitInfo [name: default]
2026-03-30T01:14:16.120-05:00  INFO 48468 --- [server] [restartedMain] org.hibernate.Version                    : HHH000412: Hibernate ORM core version 6.6.5.Final
2026-03-30T01:14:16.135-05:00  INFO 48468 --- [server] [restartedMain] o.h.c.internal.RegionFactoryInitiator    : HHH000026: Second-level cache disabled
2026-03-30T01:14:16.286-05:00  INFO 48468 --- [server] [restartedMain] o.s.o.j.p.SpringPersistenceUnitInfo      : No LoadTimeWeaver setup: ignoring JPA class transformer
2026-03-30T01:14:16.301-05:00  INFO 48468 --- [server] [restartedMain] com.zaxxer.hikari.HikariDataSource       : HikariPool-1 - Starting...
2026-03-30T01:14:16.742-05:00  INFO 48468 --- [server] [restartedMain] com.zaxxer.hikari.pool.HikariPool        : HikariPool-1 - Added connection com.mysql.cj.jdbc.ConnectionImpl@6e21322c
2026-03-30T01:14:16.743-05:00  INFO 48468 --- [server] [restartedMain] com.zaxxer.hikari.HikariDataSource       : HikariPool-1 - Start completed.
2026-03-30T01:14:16.821-05:00  WARN 48468 --- [server] [restartedMain] org.hibernate.orm.deprecation            : HHH90000025: MySQLDialect does not need to be specified explicitly using 'hibernate.dialect' (remove the property setting and it will be selected by default)
2026-03-30T01:14:16.831-05:00  INFO 48468 --- [server] [restartedMain] org.hibernate.orm.connections.pooling    : HHH10001005: Database info:
	Database JDBC URL [Connecting through datasource 'HikariDataSource (HikariPool-1)']
	Database driver: undefined/unknown
	Database version: 8.4.8
	Autocommit mode: undefined/unknown
	Isolation level: undefined/unknown
	Minimum pool size: undefined/unknown
	Maximum pool size: undefined/unknown
2026-03-30T01:14:17.274-05:00  INFO 48468 --- [server] [restartedMain] o.h.e.t.j.p.i.JtaPlatformInitiator       : HHH000489: No JTA platform available (set 'hibernate.transaction.jta.platform' to enable JTA platform integration)
2026-03-30T01:14:17.673-05:00  INFO 48468 --- [server] [restartedMain] j.LocalContainerEntityManagerFactoryBean : Initialized JPA EntityManagerFactory for persistence unit 'default'
2026-03-30T01:14:17.841-05:00  INFO 48468 --- [server] [restartedMain] o.s.d.j.r.query.QueryEnhancerFactory     : Hibernate is in classpath; If applicable, HQL parser will be used.
2026-03-30T01:14:18.056-05:00  WARN 48468 --- [server] [restartedMain] JpaBaseConfiguration$JpaWebConfiguration : spring.jpa.open-in-view is enabled by default. Therefore, database queries may be performed during view rendering. Explicitly configure spring.jpa.open-in-view to disable this warning
2026-03-30T01:14:18.064-05:00  WARN 48468 --- [server] [restartedMain] .s.s.UserDetailsServiceAutoConfiguration : 

Using generated security password: 790e3a7e-f1f8-41ef-abc1-f901e9abadbc

This generated password is for development use only. Your security configuration must be updated before running your application in production.

2026-03-30T01:14:18.071-05:00  INFO 48468 --- [server] [restartedMain] r$InitializeUserDetailsManagerConfigurer : Global AuthenticationManager configured with UserDetailsService bean with name inMemoryUserDetailsManager
2026-03-30T01:14:18.139-05:00 DEBUG 48468 --- [server] [restartedMain] s.w.s.m.m.a.RequestMappingHandlerMapping : 21 mappings in 'requestMappingHandlerMapping'
2026-03-30T01:14:18.176-05:00 DEBUG 48468 --- [server] [restartedMain] o.s.w.s.handler.SimpleUrlHandlerMapping  : Patterns [/webjars/**, /**] in 'resourceHandlerMapping'
2026-03-30T01:14:18.232-05:00 DEBUG 48468 --- [server] [restartedMain] s.w.s.m.m.a.RequestMappingHandlerAdapter : ControllerAdvice beans: 0 @ModelAttribute, 0 @InitBinder, 1 RequestBodyAdvice, 1 ResponseBodyAdvice
2026-03-30T01:14:18.252-05:00 DEBUG 48468 --- [server] [restartedMain] .m.m.a.ExceptionHandlerExceptionResolver : ControllerAdvice beans: 0 @ExceptionHandler, 1 ResponseBodyAdvice
2026-03-30T01:14:18.318-05:00  INFO 48468 --- [server] [restartedMain] o.s.b.d.a.OptionalLiveReloadServer       : LiveReload server is running on port 35729
2026-03-30T01:14:18.339-05:00  INFO 48468 --- [server] [restartedMain] o.s.b.w.embedded.tomcat.TomcatWebServer  : Tomcat started on port 8080 (http) with context path '/'
2026-03-30T01:14:18.343-05:00  INFO 48468 --- [server] [restartedMain] com.example.server.ServerApplication     : Started ServerApplication in 3.294 seconds (process running for 3.668)
2026-03-30T01:14:53.161-05:00  INFO 48468 --- [server] [http-nio-8080-exec-1] o.a.c.c.C.[Tomcat].[localhost].[/]       : Initializing Spring DispatcherServlet 'dispatcherServlet'
2026-03-30T01:14:53.161-05:00  INFO 48468 --- [server] [http-nio-8080-exec-1] o.s.web.servlet.DispatcherServlet        : Initializing Servlet 'dispatcherServlet'
2026-03-30T01:14:53.161-05:00 DEBUG 48468 --- [server] [http-nio-8080-exec-1] o.s.web.servlet.DispatcherServlet        : Detected StandardServletMultipartResolver
2026-03-30T01:14:53.161-05:00 DEBUG 48468 --- [server] [http-nio-8080-exec-1] o.s.web.servlet.DispatcherServlet        : Detected AcceptHeaderLocaleResolver
2026-03-30T01:14:53.161-05:00 DEBUG 48468 --- [server] [http-nio-8080-exec-1] o.s.web.servlet.DispatcherServlet        : Detected FixedThemeResolver
2026-03-30T01:14:53.162-05:00 DEBUG 48468 --- [server] [http-nio-8080-exec-1] o.s.web.servlet.DispatcherServlet        : Detected org.springframework.web.servlet.view.DefaultRequestToViewNameTranslator@209b14d2
2026-03-30T01:14:53.162-05:00 DEBUG 48468 --- [server] [http-nio-8080-exec-1] o.s.web.servlet.DispatcherServlet        : Detected org.springframework.web.servlet.support.SessionFlashMapManager@16d8b287
2026-03-30T01:14:53.162-05:00 DEBUG 48468 --- [server] [http-nio-8080-exec-1] o.s.web.servlet.DispatcherServlet        : enableLoggingRequestDetails='false': request parameters and headers will be masked to prevent unsafe logging of potentially sensitive data
2026-03-30T01:14:53.162-05:00  INFO 48468 --- [server] [http-nio-8080-exec-1] o.s.web.servlet.DispatcherServlet        : Completed initialization in 1 ms
2026-03-30T01:14:53.187-05:00 DEBUG 48468 --- [server] [http-nio-8080-exec-1] o.s.web.servlet.DispatcherServlet        : POST "/api/auth/register", parameters={}
2026-03-30T01:14:53.188-05:00 DEBUG 48468 --- [server] [http-nio-8080-exec-1] s.w.s.m.m.a.RequestMappingHandlerMapping : Mapped to com.example.server.controller.AuthController#register(RegisterRequest)
2026-03-30T01:14:53.221-05:00 DEBUG 48468 --- [server] [http-nio-8080-exec-1] m.m.a.RequestResponseBodyMethodProcessor : Read "application/json;charset=UTF-8" to [com.example.server.dto.RegisterRequest@35f1f74c]
2026-03-30T01:14:54.810-05:00 DEBUG 48468 --- [server] [http-nio-8080-exec-1] o.s.w.s.m.m.a.HttpEntityMethodProcessor  : Using 'application/json', given [*/*] and supported [application/json, application/*+json]
2026-03-30T01:14:54.811-05:00 DEBUG 48468 --- [server] [http-nio-8080-exec-1] o.s.w.s.m.m.a.HttpEntityMethodProcessor  : Writing [com.example.server.dto.AuthResponse@4e7c46bc]
2026-03-30T01:14:54.816-05:00 DEBUG 48468 --- [server] [http-nio-8080-exec-1] o.s.web.servlet.DispatcherServlet        : Completed 200 OK
